2016-01-01: loaded 1467 rows from cm01JAN2016bhav.csv.zip
2016-01-04: loaded 1472 rows from cm04JAN2016bhav.csv.zip
2016-01-05: loaded 1475 rows from cm05JAN2016bhav.csv.zip
2016-01-06: loaded 1472 rows from cm06JAN2016bhav.csv.zip
2016-01-07: loaded 1476 rows from cm07JAN2016bhav.csv.zip
2016-01-08: loaded 1470 rows from cm08JAN2016bhav.csv.zip
2016-01-11: loaded 1474 rows from cm11JAN2016bhav.csv.zip
2016-01-12: loaded 1468 rows from cm12JAN2016bhav.csv.zip
2016-01-13: loaded 1475 rows from cm13JAN2016bhav.csv.zip
2016-01-14: loaded 1467 rows from cm14JAN2016bhav.csv.zip
2016-01-15: loaded 1474 rows from cm15JAN2016bhav.csv.zip
2016-01-18: loaded 1467 rows from cm18JAN2016bhav.csv.zip
2016-01-19: loaded 1464 rows from cm19JAN2016bhav.csv.zip
2016-01-20: loaded 1462 rows from cm20JAN2016bhav.csv.zip
2016-01-21: loaded 1461 rows from cm21JAN2016bhav.csv.zip
2016-01-22: loaded 1462 rows from cm22JAN2016bhav.csv.zip
2016-01-25: loaded 1474 rows from cm25JAN2016bhav.csv.zip
2016-01-26: not_available HTTP 404
2016-01-27: loaded 1461 rows from cm27JAN2016bhav.csv.zip
2016-01-28: loaded 1453 rows from cm28JAN2016bhav.csv.zip
2016-01-29: loaded 1470 rows from cm29JAN2016bhav.csv.zip
2016-02-01: loaded 1464 rows from cm01FEB2016bhav.csv.zip
2016-02-02: loaded 1460 rows from cm02FEB2016bhav.csv.zip
2016-02-03: loaded 1457 rows from cm03FEB2016bhav.csv.zip
2016-02-04: loaded 1467 rows from cm04FEB2016bhav.csv.zip
2016-02-05: loaded 1463 rows from cm05FEB2016bhav.csv.zip
2016-02-08: loaded 1455 rows from cm08FEB2016bhav.csv.zip
2016-02-09: loaded 1458 rows from cm09FEB2016bhav.csv.zip
2016-02-10: loaded 1460 rows from cm10FEB2016bhav.csv.zip
2016-02-11: loaded 1461 rows from cm11FEB2016bhav.csv.zip
2016-02-12: loaded 1457 rows from cm12FEB2016bhav.csv.zip
2016-02-15: loaded 1456 rows from cm15FEB2016bhav.csv.zip
2016-02-16: loaded 1450 rows from cm16FEB2016bhav.csv.zip
2016-02-17: loaded 1448 rows from cm17FEB2016bhav.csv.zip
2016-02-18: loaded 1452 rows from cm18FEB2016bhav.csv.zip
2016-02-19: loaded 1439 rows from cm19FEB2016bhav.csv.zip
2016-02-22: loaded 1456 rows from cm22FEB2016bhav.csv.zip
2016-02-23: loaded 1456 rows from cm23FEB2016bhav.csv.zip
2016-02-24: loaded 1452 rows from cm24FEB2016bhav.csv.zip
2016-02-25: loaded 1453 rows from cm25FEB2016bhav.csv.zip
2016-02-26: loaded 1449 rows from cm26FEB2016bhav.csv.zip
2016-02-29: loaded 1451 rows from cm29FEB2016bhav.csv.zip
2016-03-01: loaded 1460 rows from cm01MAR2016bhav.csv.zip
2016-03-02: loaded 1465 rows from cm02MAR2016bhav.csv.zip
2016-03-03: loaded 1464 rows from cm03MAR2016bhav.csv.zip
2016-03-04: loaded 1467 rows from cm04MAR2016bhav.csv.zip
2016-03-07: not_available HTTP 404
2016-03-08: loaded 1471 rows from cm08MAR2016bhav.csv.zip
2016-03-09: loaded 1480 rows from cm09MAR2016bhav.csv.zip
2016-03-10: loaded 1481 rows from cm10MAR2016bhav.csv.zip
2016-03-11: loaded 1482 rows from cm11MAR2016bhav.csv.zip
2016-03-14: loaded 1487 rows from cm14MAR2016bhav.csv.zip
2016-03-15: loaded 1483 rows from cm15MAR2016bhav.csv.zip
2016-03-16: loaded 1492 rows from cm16MAR2016bhav.csv.zip
2016-03-17: loaded 1483 rows from cm17MAR2016bhav.csv.zip
2016-03-18: loaded 1493 rows from cm18MAR2016bhav.csv.zip
2016-03-21: loaded 1496 rows from cm21MAR2016bhav.csv.zip
2016-03-22: loaded 1485 rows from cm22MAR2016bhav.csv.zip
2016-03-23: loaded 1485 rows from cm23MAR2016bhav.csv.zip
2016-03-24: not_available HTTP 404
2016-03-25: not_available HTTP 404
2016-03-28: loaded 1493 rows from cm28MAR2016bhav.csv.zip
2016-03-29: loaded 1485 rows from cm29MAR2016bhav.csv.zip
2016-03-30: loaded 1486 rows from cm30MAR2016bhav.csv.zip
2016-03-31: loaded 1488 rows from cm31MAR2016bhav.csv.zip
2016-04-01: loaded 1466 rows from cm01APR2016bhav.csv.zip
2016-04-04: loaded 1481 rows from cm04APR2016bhav.csv.zip
2016-04-05: loaded 1473 rows from cm05APR2016bhav.csv.zip
2016-04-06: loaded 1479 rows from cm06APR2016bhav.csv.zip
2016-04-07: loaded 1478 rows from cm07APR2016bhav.csv.zip
2016-04-08: loaded 1481 rows from cm08APR2016bhav.csv.zip
2016-04-11: loaded 1482 rows from cm11APR2016bhav.csv.zip
2016-04-12: loaded 1480 rows from cm12APR2016bhav.csv.zip
2016-04-13: loaded 1493 rows from cm13APR2016bhav.csv.zip
2016-04-14: not_available HTTP 404
2016-04-15: not_available HTTP 404
2016-04-18: loaded 1487 rows from cm18APR2016bhav.csv.zip
2016-04-19: not_available HTTP 404
2016-04-20: loaded 1490 rows from cm20APR2016bhav.csv.zip
2016-04-21: loaded 1491 rows from cm21APR2016bhav.csv.zip
2016-04-22: loaded 1487 rows from cm22APR2016bhav.csv.zip
2016-04-25: loaded 1483 rows from cm25APR2016bhav.csv.zip
2016-04-26: loaded 1488 rows from cm26APR2016bhav.csv.zip
2016-04-27: loaded 1494 rows from cm27APR2016bhav.csv.zip
2016-04-28: loaded 1488 rows from cm28APR2016bhav.csv.zip
2016-04-29: loaded 1488 rows from cm29APR2016bhav.csv.zip
2016-05-02: loaded 1495 rows from cm02MAY2016bhav.csv.zip
2016-05-03: loaded 1497 rows from cm03MAY2016bhav.csv.zip
2016-05-04: loaded 1486 rows from cm04MAY2016bhav.csv.zip
2016-05-05: loaded 1485 rows from cm05MAY2016bhav.csv.zip
2016-05-06: loaded 1491 rows from cm06MAY2016bhav.csv.zip
2016-05-09: loaded 1492 rows from cm09MAY2016bhav.csv.zip
2016-05-10: loaded 1490 rows from cm10MAY2016bhav.csv.zip
2016-05-11: loaded 1481 rows from cm11MAY2016bhav.csv.zip
2016-05-12: loaded 1488 rows from cm12MAY2016bhav.csv.zip
2016-05-13: loaded 1484 rows from cm13MAY2016bhav.csv.zip
2016-05-16: loaded 1486 rows from cm16MAY2016bhav.csv.zip
2016-05-17: loaded 1488 rows from cm17MAY2016bhav.csv.zip
2016-05-18: loaded 1480 rows from cm18MAY2016bhav.csv.zip
2016-05-19: loaded 1480 rows from cm19MAY2016bhav.csv.zip
2016-05-20: loaded 1481 rows from cm20MAY2016bhav.csv.zip
2016-05-23: loaded 1479 rows from cm23MAY2016bhav.csv.zip
2016-05-24: loaded 1486 rows from cm24MAY2016bhav.csv.zip
2016-05-25: loaded 1482 rows from cm25MAY2016bhav.csv.zip
2016-05-26: loaded 1491 rows from cm26MAY2016bhav.csv.zip
2016-05-27: loaded 1494 rows from cm27MAY2016bhav.csv.zip
2016-05-30: loaded 1488 rows from cm30MAY2016bhav.csv.zip
2016-05-31: loaded 1481 rows from cm31MAY2016bhav.csv.zip
2016-06-01: loaded 1491 rows from cm01JUN2016bhav.csv.zip
2016-06-02: loaded 1479 rows from cm02JUN2016bhav.csv.zip
2016-06-03: loaded 1482 rows from cm03JUN2016bhav.csv.zip
2016-06-06: loaded 1485 rows from cm06JUN2016bhav.csv.zip
2016-06-07: loaded 1491 rows from cm07JUN2016bhav.csv.zip
2016-06-08: loaded 1488 rows from cm08JUN2016bhav.csv.zip
2016-06-09: loaded 1492 rows from cm09JUN2016bhav.csv.zip
2016-06-10: loaded 1486 rows from cm10JUN2016bhav.csv.zip
2016-06-13: loaded 1486 rows from cm13JUN2016bhav.csv.zip
2016-06-14: loaded 1490 rows from cm14JUN2016bhav.csv.zip
2016-06-15: loaded 1490 rows from cm15JUN2016bhav.csv.zip
2016-06-16: loaded 1493 rows from cm16JUN2016bhav.csv.zip
2016-06-17: loaded 1493 rows from cm17JUN2016bhav.csv.zip
2016-06-20: loaded 1495 rows from cm20JUN2016bhav.csv.zip
2016-06-21: loaded 1501 rows from cm21JUN2016bhav.csv.zip
2016-06-22: loaded 1495 rows from cm22JUN2016bhav.csv.zip
2016-06-23: loaded 1494 rows from cm23JUN2016bhav.csv.zip
2016-06-24: loaded 1493 rows from cm24JUN2016bhav.csv.zip
2016-06-27: loaded 1489 rows from cm27JUN2016bhav.csv.zip
2016-06-28: loaded 1498 rows from cm28JUN2016bhav.csv.zip
2016-06-29: loaded 1501 rows from cm29JUN2016bhav.csv.zip
2016-06-30: loaded 1499 rows from cm30JUN2016bhav.csv.zip
2016-07-01: loaded 1509 rows from cm01JUL2016bhav.csv.zip
2016-07-04: loaded 1511 rows from cm04JUL2016bhav.csv.zip
2016-07-05: loaded 1513 rows from cm05JUL2016bhav.csv.zip
2016-07-06: not_available HTTP 404
2016-07-07: loaded 1512 rows from cm07JUL2016bhav.csv.zip
2016-07-08: loaded 1509 rows from cm08JUL2016bhav.csv.zip
2016-07-11: loaded 1522 rows from cm11JUL2016bhav.csv.zip
2016-07-12: loaded 1516 rows from cm12JUL2016bhav.csv.zip
2016-07-13: loaded 1516 rows from cm13JUL2016bhav.csv.zip
2016-07-14: loaded 1513 rows from cm14JUL2016bhav.csv.zip
2016-07-15: loaded 1508 rows from cm15JUL2016bhav.csv.zip
2016-07-18: loaded 1515 rows from cm18JUL2016bhav.csv.zip
2016-07-19: loaded 1510 rows from cm19JUL2016bhav.csv.zip
2016-07-20: loaded 1511 rows from cm20JUL2016bhav.csv.zip
2016-07-21: loaded 1516 rows from cm21JUL2016bhav.csv.zip
2016-07-22: loaded 1512 rows from cm22JUL2016bhav.csv.zip
2016-07-25: loaded 1524 rows from cm25JUL2016bhav.csv.zip
2016-07-26: loaded 1520 rows from cm26JUL2016bhav.csv.zip
2016-07-27: loaded 1520 rows from cm27JUL2016bhav.csv.zip
2016-07-28: loaded 1519 rows from cm28JUL2016bhav.csv.zip
2016-07-29: loaded 1523 rows from cm29JUL2016bhav.csv.zip
2016-08-01: loaded 1520 rows from cm01AUG2016bhav.csv.zip
2016-08-02: loaded 1522 rows from cm02AUG2016bhav.csv.zip
2016-08-03: loaded 1517 rows from cm03AUG2016bhav.csv.zip
2016-08-04: loaded 1516 rows from cm04AUG2016bhav.csv.zip
2016-08-05: loaded 1512 rows from cm05AUG2016bhav.csv.zip
2016-08-08: loaded 1520 rows from cm08AUG2016bhav.csv.zip
2016-08-09: loaded 1509 rows from cm09AUG2016bhav.csv.zip
2016-08-10: loaded 1511 rows from cm10AUG2016bhav.csv.zip
2016-08-11: loaded 1514 rows from cm11AUG2016bhav.csv.zip
2016-08-12: loaded 1521 rows from cm12AUG2016bhav.csv.zip
2016-08-15: not_available HTTP 404
2016-08-16: loaded 1516 rows from cm16AUG2016bhav.csv.zip
2016-08-17: loaded 1508 rows from cm17AUG2016bhav.csv.zip
2016-08-18: loaded 1518 rows from cm18AUG2016bhav.csv.zip
2016-08-19: loaded 1516 rows from cm19AUG2016bhav.csv.zip
2016-08-22: loaded 1517 rows from cm22AUG2016bhav.csv.zip
2016-08-23: loaded 1516 rows from cm23AUG2016bhav.csv.zip
2016-08-24: loaded 1518 rows from cm24AUG2016bhav.csv.zip
2016-08-25: loaded 1509 rows from cm25AUG2016bhav.csv.zip
2016-08-26: loaded 1516 rows from cm26AUG2016bhav.csv.zip
2016-08-29: loaded 1516 rows from cm29AUG2016bhav.csv.zip
2016-08-30: loaded 1510 rows from cm30AUG2016bhav.csv.zip
2016-08-31: loaded 1525 rows from cm31AUG2016bhav.csv.zip
2016-09-01: loaded 1519 rows from cm01SEP2016bhav.csv.zip
2016-09-02: loaded 1516 rows from cm02SEP2016bhav.csv.zip
2016-09-05: not_available HTTP 404
2016-09-06: loaded 1529 rows from cm06SEP2016bhav.csv.zip
2016-09-07: loaded 1524 rows from cm07SEP2016bhav.csv.zip
2016-09-08: loaded 1518 rows from cm08SEP2016bhav.csv.zip
2016-09-09: loaded 1526 rows from cm09SEP2016bhav.csv.zip
2016-09-12: loaded 1516 rows from cm12SEP2016bhav.csv.zip
2016-09-13: not_available HTTP 404
2016-09-14: loaded 1525 rows from cm14SEP2016bhav.csv.zip
2016-09-15: loaded 1523 rows from cm15SEP2016bhav.csv.zip
2016-09-16: loaded 1533 rows from cm16SEP2016bhav.csv.zip
2016-09-19: loaded 1521 rows from cm19SEP2016bhav.csv.zip
2016-09-20: loaded 1523 rows from cm20SEP2016bhav.csv.zip
2016-09-21: loaded 1534 rows from cm21SEP2016bhav.csv.zip
2016-09-22: loaded 1531 rows from cm22SEP2016bhav.csv.zip
2016-09-23: loaded 1529 rows from cm23SEP2016bhav.csv.zip
2016-09-26: loaded 1524 rows from cm26SEP2016bhav.csv.zip
2016-09-27: loaded 1531 rows from cm27SEP2016bhav.csv.zip
2016-09-28: loaded 1527 rows from cm28SEP2016bhav.csv.zip
2016-09-29: loaded 1533 rows from cm29SEP2016bhav.csv.zip
2016-09-30: loaded 1526 rows from cm30SEP2016bhav.csv.zip
2016-10-03: loaded 1532 rows from cm03OCT2016bhav.csv.zip
2016-10-04: loaded 1532 rows from cm04OCT2016bhav.csv.zip
2016-10-05: loaded 1533 rows from cm05OCT2016bhav.csv.zip
2016-10-06: loaded 1535 rows from cm06OCT2016bhav.csv.zip
2016-10-07: loaded 1531 rows from cm07OCT2016bhav.csv.zip
2016-10-10: loaded 1533 rows from cm10OCT2016bhav.csv.zip
2016-10-11: not_available HTTP 404
2016-10-12: not_available HTTP 404
2016-10-13: loaded 1532 rows from cm13OCT2016bhav.csv.zip
2016-10-14: loaded 1534 rows from cm14OCT2016bhav.csv.zip
2016-10-17: loaded 1540 rows from cm17OCT2016bhav.csv.zip
2016-10-18: loaded 1541 rows from cm18OCT2016bhav.csv.zip
2016-10-19: loaded 1548 rows from cm19OCT2016bhav.csv.zip
2016-10-20: loaded 1543 rows from cm20OCT2016bhav.csv.zip
2016-10-21: loaded 1540 rows from cm21OCT2016bhav.csv.zip
2016-10-24: loaded 1540 rows from cm24OCT2016bhav.csv.zip
2016-10-25: loaded 1539 rows from cm25OCT2016bhav.csv.zip
2016-10-26: loaded 1537 rows from cm26OCT2016bhav.csv.zip
2016-10-27: loaded 1534 rows from cm27OCT2016bhav.csv.zip
2016-10-28: loaded 1544 rows from cm28OCT2016bhav.csv.zip
2016-10-31: not_available HTTP 404
2016-11-01: loaded 1547 rows from cm01NOV2016bhav.csv.zip
2016-11-02: loaded 1531 rows from cm02NOV2016bhav.csv.zip
2016-11-03: loaded 1534 rows from cm03NOV2016bhav.csv.zip
2016-11-04: loaded 1530 rows from cm04NOV2016bhav.csv.zip
2016-11-07: loaded 1531 rows from cm07NOV2016bhav.csv.zip
2016-11-08: loaded 1522 rows from cm08NOV2016bhav.csv.zip
2016-11-09: loaded 1515 rows from cm09NOV2016bhav.csv.zip
2016-11-10: loaded 1520 rows from cm10NOV2016bhav.csv.zip
2016-11-11: loaded 1520 rows from cm11NOV2016bhav.csv.zip
2016-11-14: not_available HTTP 404
2016-11-15: loaded 1523 rows from cm15NOV2016bhav.csv.zip
2016-11-16: loaded 1515 rows from cm16NOV2016bhav.csv.zip
2016-11-17: loaded 1516 rows from cm17NOV2016bhav.csv.zip
2016-11-18: loaded 1512 rows from cm18NOV2016bhav.csv.zip
2016-11-21: loaded 1521 rows from cm21NOV2016bhav.csv.zip
2016-11-22: loaded 1518 rows from cm22NOV2016bhav.csv.zip
2016-11-23: loaded 1517 rows from cm23NOV2016bhav.csv.zip
2016-11-24: loaded 1515 rows from cm24NOV2016bhav.csv.zip
2016-11-25: loaded 1525 rows from cm25NOV2016bhav.csv.zip
2016-11-28: loaded 1529 rows from cm28NOV2016bhav.csv.zip
2016-11-29: loaded 1523 rows from cm29NOV2016bhav.csv.zip
2016-11-30: loaded 1518 rows from cm30NOV2016bhav.csv.zip
2016-12-01: loaded 1522 rows from cm01DEC2016bhav.csv.zip
2016-12-02: loaded 1518 rows from cm02DEC2016bhav.csv.zip
2016-12-05: loaded 1519 rows from cm05DEC2016bhav.csv.zip
2016-12-06: loaded 1532 rows from cm06DEC2016bhav.csv.zip
2016-12-07: loaded 1528 rows from cm07DEC2016bhav.csv.zip
2016-12-08: loaded 1532 rows from cm08DEC2016bhav.csv.zip
2016-12-09: loaded 1534 rows from cm09DEC2016bhav.csv.zip
2016-12-12: loaded 1526 rows from cm12DEC2016bhav.csv.zip
2016-12-13: loaded 1539 rows from cm13DEC2016bhav.csv.zip
2016-12-14: loaded 1532 rows from cm14DEC2016bhav.csv.zip
2016-12-15: loaded 1531 rows from cm15DEC2016bhav.csv.zip
2016-12-16: loaded 1530 rows from cm16DEC2016bhav.csv.zip
2016-12-19: loaded 1526 rows from cm19DEC2016bhav.csv.zip
2016-12-20: loaded 1533 rows from cm20DEC2016bhav.csv.zip
2016-12-21: loaded 1526 rows from cm21DEC2016bhav.csv.zip
2016-12-22: loaded 1516 rows from cm22DEC2016bhav.csv.zip
2016-12-23: loaded 1524 rows from cm23DEC2016bhav.csv.zip
2016-12-26: loaded 1521 rows from cm26DEC2016bhav.csv.zip
2016-12-27: loaded 1510 rows from cm27DEC2016bhav.csv.zip
2016-12-28: loaded 1516 rows from cm28DEC2016bhav.csv.zip
2016-12-29: loaded 1517 rows from cm29DEC2016bhav.csv.zip
2016-12-30: loaded 1531 rows from cm30DEC2016bhav.csv.zip
2017-01-02: loaded 1522 rows from cm02JAN2017bhav.csv.zip
2017-01-03: loaded 1531 rows from cm03JAN2017bhav.csv.zip
2017-01-04: loaded 1519 rows from cm04JAN2017bhav.csv.zip
2017-01-05: loaded 1522 rows from cm05JAN2017bhav.csv.zip
2017-01-06: loaded 1519 rows from cm06JAN2017bhav.csv.zip
2017-01-09: loaded 1529 rows from cm09JAN2017bhav.csv.zip
2017-01-10: loaded 1522 rows from cm10JAN2017bhav.csv.zip
2017-01-11: loaded 1530 rows from cm11JAN2017bhav.csv.zip
2017-01-12: loaded 1527 rows from cm12JAN2017bhav.csv.zip
2017-01-13: loaded 1527 rows from cm13JAN2017bhav.csv.zip
2017-01-16: loaded 1535 rows from cm16JAN2017bhav.csv.zip
2017-01-17: loaded 1533 rows from cm17JAN2017bhav.csv.zip
2017-01-18: loaded 1527 rows from cm18JAN2017bhav.csv.zip
2017-01-19: loaded 1509 rows from cm19JAN2017bhav.csv.zip
2017-01-20: loaded 1508 rows from cm20JAN2017bhav.csv.zip
2017-01-23: loaded 1515 rows from cm23JAN2017bhav.csv.zip
2017-01-24: loaded 1506 rows from cm24JAN2017bhav.csv.zip
2017-01-25: loaded 1512 rows from cm25JAN2017bhav.csv.zip
2017-01-26: not_available HTTP 404
2017-01-27: loaded 1517 rows from cm27JAN2017bhav.csv.zip
2017-01-30: loaded 1516 rows from cm30JAN2017bhav.csv.zip
2017-01-31: loaded 1510 rows from cm31JAN2017bhav.csv.zip
2017-02-01: loaded 1513 rows from cm01FEB2017bhav.csv.zip
2017-02-02: loaded 1504 rows from cm02FEB2017bhav.csv.zip
2017-02-03: loaded 1509 rows from cm03FEB2017bhav.csv.zip
2017-02-06: loaded 1511 rows from cm06FEB2017bhav.csv.zip
2017-02-07: loaded 1509 rows from cm07FEB2017bhav.csv.zip
2017-02-08: loaded 1505 rows from cm08FEB2017bhav.csv.zip
2017-02-09: loaded 1506 rows from cm09FEB2017bhav.csv.zip
2017-02-10: loaded 1513 rows from cm10FEB2017bhav.csv.zip
2017-02-13: loaded 1514 rows from cm13FEB2017bhav.csv.zip
2017-02-14: loaded 1500 rows from cm14FEB2017bhav.csv.zip
2017-02-15: loaded 1502 rows from cm15FEB2017bhav.csv.zip
2017-02-16: loaded 1490 rows from cm16FEB2017bhav.csv.zip
2017-02-17: loaded 1492 rows from cm17FEB2017bhav.csv.zip
2017-02-20: loaded 1490 rows from cm20FEB2017bhav.csv.zip
2017-02-21: loaded 1495 rows from cm21FEB2017bhav.csv.zip
2017-02-22: loaded 1495 rows from cm22FEB2017bhav.csv.zip
2017-02-23: loaded 1490 rows from cm23FEB2017bhav.csv.zip
2017-02-24: not_available HTTP 404
2017-02-27: loaded 1496 rows from cm27FEB2017bhav.csv.zip
2017-02-28: loaded 1488 rows from cm28FEB2017bhav.csv.zip
2017-03-01: loaded 1501 rows from cm01MAR2017bhav.csv.zip
2017-03-02: loaded 1496 rows from cm02MAR2017bhav.csv.zip
2017-03-03: loaded 1499 rows from cm03MAR2017bhav.csv.zip
2017-03-06: loaded 1498 rows from cm06MAR2017bhav.csv.zip
2017-03-07: loaded 1524 rows from cm07MAR2017bhav.csv.zip
2017-03-08: loaded 1518 rows from cm08MAR2017bhav.csv.zip
2017-03-09: loaded 1520 rows from cm09MAR2017bhav.csv.zip
2017-03-10: loaded 1523 rows from cm10MAR2017bhav.csv.zip
2017-03-13: not_available HTTP 404
2017-03-14: loaded 1525 rows from cm14MAR2017bhav.csv.zip
2017-03-15: loaded 1520 rows from cm15MAR2017bhav.csv.zip
2017-03-16: loaded 1523 rows from cm16MAR2017bhav.csv.zip
2017-03-17: loaded 1515 rows from cm17MAR2017bhav.csv.zip
2017-03-20: loaded 1516 rows from cm20MAR2017bhav.csv.zip
2017-03-21: loaded 1511 rows from cm21MAR2017bhav.csv.zip
2017-03-22: loaded 1510 rows from cm22MAR2017bhav.csv.zip
2017-03-23: loaded 1507 rows from cm23MAR2017bhav.csv.zip
2017-03-24: loaded 1503 rows from cm24MAR2017bhav.csv.zip
2017-03-27: loaded 1502 rows from cm27MAR2017bhav.csv.zip
2017-03-28: loaded 1502 rows from cm28MAR2017bhav.csv.zip
2017-03-29: loaded 1508 rows from cm29MAR2017bhav.csv.zip
2017-03-30: loaded 1494 rows from cm30MAR2017bhav.csv.zip
2017-03-31: loaded 1501 rows from cm31MAR2017bhav.csv.zip
2017-04-03: loaded 1496 rows from cm03APR2017bhav.csv.zip
2017-04-04: not_available HTTP 404
2017-04-05: loaded 1504 rows from cm05APR2017bhav.csv.zip
2017-04-06: loaded 1501 rows from cm06APR2017bhav.csv.zip
2017-04-07: loaded 1497 rows from cm07APR2017bhav.csv.zip
2017-04-10: loaded 1500 rows from cm10APR2017bhav.csv.zip
2017-04-11: loaded 1498 rows from cm11APR2017bhav.csv.zip
2017-04-12: loaded 1490 rows from cm12APR2017bhav.csv.zip
2017-04-13: loaded 1478 rows from cm13APR2017bhav.csv.zip
2017-04-14: not_available HTTP 404
2017-04-17: loaded 1480 rows from cm17APR2017bhav.csv.zip
2017-04-18: loaded 1481 rows from cm18APR2017bhav.csv.zip
2017-04-19: loaded 1472 rows from cm19APR2017bhav.csv.zip
2017-04-20: loaded 1481 rows from cm20APR2017bhav.csv.zip
2017-04-21: loaded 1482 rows from cm21APR2017bhav.csv.zip
2017-04-24: loaded 1477 rows from cm24APR2017bhav.csv.zip
2017-04-25: loaded 1475 rows from cm25APR2017bhav.csv.zip
2017-04-26: loaded 1479 rows from cm26APR2017bhav.csv.zip
2017-04-27: loaded 1460 rows from cm27APR2017bhav.csv.zip
2017-04-28: loaded 1462 rows from cm28APR2017bhav.csv.zip
2017-05-01: not_available HTTP 404
2017-05-02: loaded 1464 rows from cm02MAY2017bhav.csv.zip
2017-05-03: loaded 1456 rows from cm03MAY2017bhav.csv.zip
2017-05-04: loaded 1459 rows from cm04MAY2017bhav.csv.zip
2017-05-05: loaded 1460 rows from cm05MAY2017bhav.csv.zip
2017-05-08: loaded 1455 rows from cm08MAY2017bhav.csv.zip
2017-05-09: loaded 1456 rows from cm09MAY2017bhav.csv.zip
2017-05-10: loaded 1458 rows from cm10MAY2017bhav.csv.zip
2017-05-11: loaded 1452 rows from cm11MAY2017bhav.csv.zip
2017-05-12: loaded 1456 rows from cm12MAY2017bhav.csv.zip
2017-05-15: loaded 1456 rows from cm15MAY2017bhav.csv.zip
2017-05-16: loaded 1453 rows from cm16MAY2017bhav.csv.zip
2017-05-17: loaded 1448 rows from cm17MAY2017bhav.csv.zip
2017-05-18: loaded 1456 rows from cm18MAY2017bhav.csv.zip
2017-05-19: loaded 1451 rows from cm19MAY2017bhav.csv.zip
2017-05-22: loaded 1451 rows from cm22MAY2017bhav.csv.zip
2017-05-23: loaded 1450 rows from cm23MAY2017bhav.csv.zip
